<?xml version="1.0" encoding="UTF-8"?>
<coverage generated="1772233165">
  <project timestamp="1772233165" name="Clover Coverage">
    <file name="/srv/http/license-compliant-checker/src/RunLicenseCheck.php">
      <line num="14" type="stmt" count="36"/>
      <line num="16" type="stmt" count="36"/>
      <line num="17" type="stmt" count="35"/>
      <line num="19" type="stmt" count="35"/>
      <line num="20" type="stmt" count="1"/>
      <line num="23" type="stmt" count="35"/>
      <line num="24" type="stmt" count="31"/>
      <line num="26" type="stmt" count="31"/>
      <line num="27" type="stmt" count="30"/>
      <line num="28" type="stmt" count="30"/>
      <line num="32" type="stmt" count="31"/>
      <line num="35" type="stmt" count="35"/>
      <line num="38" type="stmt" count="36"/>
      <line num="49" type="stmt" count="15"/>
      <line num="51" type="stmt" count="15"/>
      <line num="52" type="stmt" count="15"/>
      <line num="53" type="stmt" count="6"/>
      <line num="55" type="stmt" count="6"/>
      <line num="56" type="stmt" count="2"/>
      <line num="59" type="stmt" count="6"/>
      <line num="62" type="stmt" count="14"/>
      <line num="63" type="stmt" count="3"/>
      <line num="64" type="stmt" count="3"/>
      <line num="66" type="stmt" count="3"/>
      <line num="67" type="stmt" count="1"/>
      <line num="70" type="stmt" count="2"/>
      <line num="72" type="stmt" count="2"/>
      <line num="73" type="stmt" count="1"/>
      <line num="76" type="stmt" count="2"/>
      <line num="77" type="stmt" count="1"/>
      <line num="78" type="stmt" count="2"/>
      <line num="79" type="stmt" count="1"/>
      <line num="80" type="stmt" count="1"/>
      <line num="82" type="stmt" count="2"/>
      <line num="84" type="stmt" count="2"/>
      <line num="85" type="stmt" count="1"/>
      <line num="88" type="stmt" count="2"/>
      <line num="91" type="stmt" count="11"/>
      <line num="92" type="stmt" count="8"/>
      <line num="96" type="stmt" count="12"/>
      <line num="101" type="stmt" count="32"/>
      <line num="102" type="stmt" count="31"/>
      <line num="105" type="stmt" count="1"/>
      <line num="114" type="stmt" count="7"/>
      <line num="115" type="stmt" count="7"/>
      <line num="117" type="stmt" count="7"/>
      <line num="118" type="stmt" count="7"/>
      <line num="119" type="stmt" count="7"/>
      <line num="120" type="stmt" count="7"/>
      <line num="121" type="stmt" count="7"/>
      <line num="122" type="stmt" count="7"/>
      <line num="123" type="stmt" count="7"/>
      <line num="124" type="stmt" count="7"/>
      <line num="125" type="stmt" count="7"/>
      <line num="126" type="stmt" count="7"/>
      <line num="132" type="stmt" count="12"/>
      <line num="134" type="stmt" count="12"/>
      <line num="135" type="stmt" count="2"/>
      <line num="138" type="stmt" count="10"/>
      <line num="139" type="stmt" count="4"/>
      <line num="142" type="stmt" count="7"/>
      <line num="143" type="stmt" count="1"/>
      <line num="144" type="stmt" count="1"/>
      <line num="145" type="stmt" count="1"/>
      <line num="149" type="stmt" count="1"/>
      <line num="152" type="stmt" count="6"/>
      <line num="153" type="stmt" count="2"/>
      <line num="154" type="stmt" count="2"/>
      <line num="155" type="stmt" count="2"/>
      <line num="159" type="stmt" count="1"/>
      <line num="162" type="stmt" count="4"/>
      <line num="172" type="stmt" count="6"/>
      <line num="173" type="stmt" count="6"/>
      <line num="174" type="stmt" count="6"/>
      <line num="175" type="stmt" count="6"/>
      <line num="176" type="stmt" count="6"/>
      <line num="178" type="stmt" count="6"/>
      <line num="179" type="stmt" count="6"/>
      <line num="180" type="stmt" count="4"/>
      <line num="184" type="stmt" count="2"/>
      <line num="249" type="stmt" count="33"/>
      <line num="250" type="stmt" count="33"/>
      <line num="251" type="stmt" count="33"/>
      <line num="252" type="stmt" count="33"/>
      <line num="254" type="stmt" count="33"/>
      <line num="255" type="stmt" count="1"/>
      <line num="257" type="stmt" count="1"/>
      <line num="260" type="stmt" count="32"/>
      <line num="261" type="stmt" count="32"/>
      <line num="263" type="stmt" count="32"/>
      <line num="264" type="stmt" count="32"/>
      <line num="266" type="stmt" count="32"/>
      <line num="267" type="stmt" count="14"/>
      <line num="271" type="stmt" count="32"/>
      <line num="272" type="stmt" count="18"/>
      <line num="274" type="stmt" count="18"/>
      <line num="275" type="stmt" count="1"/>
      <line num="277" type="stmt" count="1"/>
      <line num="278" type="stmt" count="1"/>
      <line num="283" type="stmt" count="32"/>
      <line num="284" type="stmt" count="17"/>
      <line num="286" type="stmt" count="17"/>
      <line num="287" type="stmt" count="16"/>
      <line num="289" type="stmt" count="16"/>
      <line num="290" type="stmt" count="1"/>
      <line num="291" type="stmt" count="15"/>
      <line num="292" type="stmt" count="1"/>
      <line num="293" type="stmt" count="14"/>
      <line num="294" type="stmt" count="1"/>
      <line num="295" type="stmt" count="13"/>
      <line num="296" type="stmt" count="3"/>
      <line num="297" type="stmt" count="1"/>
      <line num="298" type="stmt" count="2"/>
      <line num="299" type="stmt" count="1"/>
      <line num="301" type="stmt" count="1"/>
      <line num="303" type="stmt" count="10"/>
      <line num="304" type="stmt" count="3"/>
      <line num="305" type="stmt" count="1"/>
      <line num="306" type="stmt" count="2"/>
      <line num="307" type="stmt" count="1"/>
      <line num="309" type="stmt" count="1"/>
      <line num="311" type="stmt" count="7"/>
      <line num="312" type="stmt" count="1"/>
      <line num="313" type="stmt" count="6"/>
      <line num="314" type="stmt" count="6"/>
      <line num="315" type="stmt" count="1"/>
      <line num="316" type="stmt" count="5"/>
      <line num="317" type="stmt" count="1"/>
      <line num="318" type="stmt" count="4"/>
      <line num="319" type="stmt" count="1"/>
      <line num="320" type="stmt" count="3"/>
      <line num="321" type="stmt" count="1"/>
      <line num="322" type="stmt" count="2"/>
      <line num="323" type="stmt" count="1"/>
      <line num="325" type="stmt" count="1"/>
      <line num="331" type="stmt" count="32"/>
      <line num="332" type="stmt" count="1"/>
      <line num="334" type="stmt" count="1"/>
      <line num="337" type="stmt" count="31"/>
      <line num="338" type="stmt" count="1"/>
      <line num="340" type="stmt" count="1"/>
      <line num="343" type="stmt" count="30"/>
      <line num="344" type="stmt" count="30"/>
      <line num="346" type="stmt" count="30"/>
      <line num="347" type="stmt" count="30"/>
      <line num="348" type="stmt" count="30"/>
      <line num="349" type="stmt" count="30"/>
      <line num="350" type="stmt" count="30"/>
      <line num="351" type="stmt" count="30"/>
      <line num="353" type="stmt" count="30"/>
      <line num="354" type="stmt" count="30"/>
      <line num="356" type="stmt" count="30"/>
      <line num="357" type="stmt" count="30"/>
      <line num="359" type="stmt" count="30"/>
      <line num="360" type="stmt" count="13"/>
      <line num="363" type="stmt" count="30"/>
      <line num="364" type="stmt" count="13"/>
      <line num="368" type="stmt" count="30"/>
      <line num="369" type="stmt" count="30"/>
      <line num="370" type="stmt" count="30"/>
      <line num="371" type="stmt" count="30"/>
      <line num="372" type="stmt" count="30"/>
      <line num="373" type="stmt" count="30"/>
      <line num="375" type="stmt" count="30"/>
      <line num="377" type="stmt" count="30"/>
      <line num="378" type="stmt" count="4"/>
      <line num="379" type="stmt" count="4"/>
      <line num="380" type="stmt" count="4"/>
      <line num="381" type="stmt" count="4"/>
      <line num="382" type="stmt" count="4"/>
      <line num="384" type="stmt" count="4"/>
      <line num="385" type="stmt" count="4"/>
      <line num="386" type="stmt" count="4"/>
      <line num="387" type="stmt" count="4"/>
      <line num="389" type="stmt" count="4"/>
      <line num="390" type="stmt" count="3"/>
      <line num="392" type="stmt" count="4"/>
      <line num="394" type="stmt" count="4"/>
      <line num="395" type="stmt" count="1"/>
      <line num="398" type="stmt" count="4"/>
      <line num="400" type="stmt" count="4"/>
      <line num="401" type="stmt" count="2"/>
      <line num="404" type="stmt" count="4"/>
      <line num="405" type="stmt" count="4"/>
      <line num="406" type="stmt" count="4"/>
      <line num="407" type="stmt" count="4"/>
      <line num="408" type="stmt" count="4"/>
      <line num="409" type="stmt" count="4"/>
      <line num="413" type="stmt" count="30"/>
      <line num="414" type="stmt" count="4"/>
      <line num="416" type="stmt" count="26"/>
      <line num="419" type="stmt" count="30"/>
      <line num="420" type="stmt" count="30"/>
      <line num="422" type="stmt" count="30"/>
      <line num="424" type="stmt" count="30"/>
      <line num="425" type="stmt" count="5"/>
      <line num="426" type="stmt" count="4"/>
      <line num="427" type="stmt" count="1"/>
      <line num="429" type="stmt" count="5"/>
      <line num="430" type="stmt" count="3"/>
      <line num="431" type="stmt" count="3"/>
      <line num="433" type="stmt" count="3"/>
      <line num="434" type="stmt" count="1"/>
      <line num="436" type="stmt" count="3"/>
      <line num="438" type="stmt" count="3"/>
      <line num="440" type="stmt" count="3"/>
      <line num="441" type="stmt" count="1"/>
      <line num="444" type="stmt" count="3"/>
      <line num="445" type="stmt" count="3"/>
      <line num="446" type="stmt" count="3"/>
      <line num="448" type="stmt" count="3"/>
      <line num="449" type="stmt" count="3"/>
      <line num="450" type="stmt" count="3"/>
      <line num="451" type="stmt" count="3"/>
      <line num="452" type="stmt" count="3"/>
      <line num="453" type="stmt" count="3"/>
      <line num="458" type="stmt" count="30"/>
      <line num="459" type="stmt" count="3"/>
      <line num="460" type="stmt" count="3"/>
      <line num="461" type="stmt" count="3"/>
      <line num="462" type="stmt" count="27"/>
      <line num="463" type="stmt" count="1"/>
      <line num="466" type="stmt" count="30"/>
      <line num="467" type="stmt" count="30"/>
      <line num="469" type="stmt" count="30"/>
      <line num="470" type="stmt" count="3"/>
      <line num="472" type="stmt" count="3"/>
      <line num="475" type="stmt" count="27"/>
      <line num="477" type="stmt" count="27"/>
      <line num="487" type="stmt" count="3"/>
      <line num="489" type="stmt" count="3"/>
      <line num="490" type="stmt" count="3"/>
      <line num="491" type="stmt" count="3"/>
      <line num="493" type="stmt" count="3"/>
      <line num="497" type="stmt" count="3"/>
      <line num="498" type="stmt" count="1"/>
      <line num="500" type="stmt" count="1"/>
      <line num="503" type="stmt" count="2"/>
      <line num="505" type="stmt" count="2"/>
      <line num="506" type="stmt" count="1"/>
      <line num="508" type="stmt" count="1"/>
      <line num="511" type="stmt" count="1"/>
      <line num="519" type="stmt" count="2"/>
      <line num="520" type="stmt" count="2"/>
      <line num="522" type="stmt" count="2"/>
      <metrics loc="524" ncloc="481" classes="0" methods="0" coveredmethods="0" conditionals="0" coveredconditionals="0" statements="245" coveredstatements="245" elements="245" coveredelements="245"/>
    </file>
    <file name="/srv/http/license-compliant-checker/src/run-license-check.php">
      <line num="11" type="stmt" count="1"/>
      <line num="13" type="stmt" count="1"/>
      <metrics loc="14" ncloc="8" classes="0" methods="0" coveredmethods="0" conditionals="0" coveredconditionals="0" statements="2" coveredstatements="2" elements="2" coveredelements="2"/>
    </file>
    <metrics files="2" loc="538" ncloc="489" classes="0" methods="0" coveredmethods="0" conditionals="0" coveredconditionals="0" statements="247" coveredstatements="247" elements="247" coveredelements="247"/>
  </project>
</coverage>
